Dec.-08 21:21:19.463 [main] DEBUG nextflow.cli.Launcher - $> nextflow run 'https://github.com/nextflow-io/hello.git' -with-weblog 'http://localhost:8081' -name bd4ad8ae-2504-4575-81e0-666b4b46a4c6
Dec.-08 21:21:20.091 [main] INFO  nextflow.cli.CmdRun - N E X T F L O W  ~  version 19.10.0
Dec.-08 21:21:20.244 [main] DEBUG nextflow.scm.AssetManager - Repository URL: https://github.com/nextflow-io/hello.git; Project: nextflow-io/hello; Hub provider: github
Dec.-08 21:21:20.932 [main] DEBUG nextflow.scm.AssetManager - Git config: /Users/mha/.nextflow/assets/nextflow-io/hello/.git/config; branch: master; remote: origin; url: https://github.com/nextflow-io/hello.git
Dec.-08 21:21:21.317 [main] DEBUG nextflow.scm.AssetManager - Git config: /Users/mha/.nextflow/assets/nextflow-io/hello/.git/config; branch: master; remote: origin; url: https://github.com/nextflow-io/hello.git
Dec.-08 21:21:21.318 [main] INFO  nextflow.cli.CmdRun - Launching `nextflow-io/hello` [bd4ad8ae-2504-4575-81e0-666b4b46a4c6] - revision: a9012339ce [master]
Dec.-08 21:21:22.795 [main] DEBUG nextflow.config.ConfigBuilder - Found config base: /Users/mha/.nextflow/assets/nextflow-io/hello/nextflow.config
Dec.-08 21:21:22.803 [main] DEBUG nextflow.config.ConfigBuilder - Parsing config file: /Users/mha/.nextflow/assets/nextflow-io/hello/nextflow.config
Dec.-08 21:21:22.816 [main] DEBUG nextflow.config.ConfigBuilder - Applying config profile: `standard`
Dec.-08 21:21:22.950 [main] DEBUG nextflow.extension.OperatorEx - Dataflow extension methods: branch,buffer,chain,choice,collate,collect,collectFile,combine,concat,count,countBy,countFasta,countFastq,countLines,countText,cross,distinct,filter,first,flatMap,flatten,fork,groupBy,groupTuple,ifEmpty,into,join,last,map,max,mean,merge,min,mix,phase,print,println,randomSample,reduce,separate,set,splitCsv,splitFasta,splitFastq,splitText,spread,subscribe,sum,take,tap,toDouble,toFloat,toInteger,toList,toLong,toSortedList,transpose,unique,until,view
Dec.-08 21:21:22.960 [main] DEBUG nextflow.Session - Session uuid: 09361cbb-8dd0-46cd-9c27-d19eab5014bd
Dec.-08 21:21:22.960 [main] DEBUG nextflow.Session - Run name: bd4ad8ae-2504-4575-81e0-666b4b46a4c6
Dec.-08 21:21:22.961 [main] DEBUG nextflow.Session - Executor pool size: 8
Dec.-08 21:21:23.298 [main] DEBUG nextflow.cli.CmdRun - 
  Version: 19.10.0 build 5170
  Created: 21-10-2019 15:07 UTC (11:07 EDT)
  System: Mac OS X 10.14
  Runtime: Groovy 2.5.8 on OpenJDK 64-Bit Server VM 13.0.1+9
  Encoding: UTF-8 (UTF-8)
  Process: 53015@olm-mha-2.local [192.168.100.109]
  CPUs: 8 - Mem: 16 GB (29.3 MB) - Swap: 16 GB (1.1 GB)
Dec.-08 21:21:23.352 [main] DEBUG nextflow.Session - Work-dir: /Users/mha/repos/argo/workflow/ui/work [Mac OS X]
Dec.-08 21:21:23.353 [main] DEBUG nextflow.Session - Script base path does not exist or is not a directory: /Users/mha/.nextflow/assets/nextflow-io/hello/bin
Dec.-08 21:21:23.395 [main] DEBUG nextflow.Session - Observer factory: TowerFactory
Dec.-08 21:21:23.427 [main] DEBUG nextflow.Session - Observer factory: DefaultObserverFactory
Dec.-08 21:21:24.014 [main] DEBUG nextflow.Session - Session start invoked
Dec.-08 21:21:24.435 [Actor Thread 1] DEBUG nextflow.trace.WebLogObserver - Successfully send message to http://localhost:8081 -- received status code 200.
Dec.-08 21:21:24.665 [main] DEBUG nextflow.script.ScriptRunner - > Launching execution
Dec.-08 21:21:24.679 [main] WARN  nextflow.script.BaseScript - The use of `echo` method is deprecated
Dec.-08 21:21:25.015 [main] DEBUG nextflow.executor.ExecutorFactory - << taskConfig executor: null
Dec.-08 21:21:25.015 [main] DEBUG nextflow.executor.ExecutorFactory - >> processorType: 'local'
Dec.-08 21:21:25.024 [main] DEBUG nextflow.executor.Executor - [warm up] executor > local
Dec.-08 21:21:25.036 [main] DEBUG n.processor.LocalPollingMonitor - Creating local task monitor for executor 'local' > cpus=8; memory=16 GB; capacity=8; pollInterval=100ms; dumpInterval=5m
Dec.-08 21:21:25.199 [main] DEBUG nextflow.processor.TaskProcessor - Creating operator > sayHello -- maxForks: 8
Dec.-08 21:21:25.269 [main] DEBUG nextflow.script.BaseScript - No entry workflow defined
Dec.-08 21:21:25.271 [main] DEBUG nextflow.script.ScriptRunner - > Await termination 
Dec.-08 21:21:25.271 [main] DEBUG nextflow.Session - Session await
Dec.-08 21:21:25.504 [Task submitter] DEBUG nextflow.executor.LocalTaskHandler - Launch cmd line: /bin/bash -ue .command.run
Dec.-08 21:21:25.513 [Task submitter] INFO  nextflow.Session - [aa/b33ffa] Submitted process > sayHello (2)
Dec.-08 21:21:25.524 [Task submitter] DEBUG nextflow.executor.LocalTaskHandler - Launch cmd line: /bin/bash -ue .command.run
Dec.-08 21:21:25.525 [Task submitter] INFO  nextflow.Session - [c3/f9b001] Submitted process > sayHello (3)
Dec.-08 21:21:25.537 [Task submitter] DEBUG nextflow.executor.LocalTaskHandler - Launch cmd line: /bin/bash -ue .command.run
Dec.-08 21:21:25.538 [Task submitter] INFO  nextflow.Session - [58/dc7561] Submitted process > sayHello (1)
Dec.-08 21:21:25.545 [Task submitter] DEBUG nextflow.executor.LocalTaskHandler - Launch cmd line: /bin/bash -ue .command.run
Dec.-08 21:21:25.546 [Task submitter] INFO  nextflow.Session - [49/bb220b] Submitted process > sayHello (4)
Dec.-08 21:21:25.602 [Actor Thread 7] DEBUG nextflow.trace.WebLogObserver - Successfully send message to http://localhost:8081 -- received status code 200.
Dec.-08 21:21:25.622 [Actor Thread 7] DEBUG nextflow.trace.WebLogObserver - Successfully send message to http://localhost:8081 -- received status code 200.
Dec.-08 21:21:25.630 [Task monitor] DEBUG n.processor.TaskPollingMonitor - Task completed > TaskHandler[id: 3; name: sayHello (2); status: COMPLETED; exit: 0; error: -; workDir: /Users/mha/repos/argo/workflow/ui/work/aa/b33ffa5bbfeee86cba5edfeb741b5c]
Dec.-08 21:21:25.633 [Actor Thread 7] DEBUG nextflow.trace.WebLogObserver - Successfully send message to http://localhost:8081 -- received status code 200.
Dec.-08 21:21:25.639 [Actor Thread 7] DEBUG nextflow.trace.WebLogObserver - Successfully send message to http://localhost:8081 -- received status code 200.
Dec.-08 21:21:25.650 [Task monitor] DEBUG n.processor.TaskPollingMonitor - Task completed > TaskHandler[id: 2; name: sayHello (3); status: COMPLETED; exit: 0; error: -; workDir: /Users/mha/repos/argo/workflow/ui/work/c3/f9b001e5e75323cce63eb9df4d287c]
Dec.-08 21:21:25.658 [Actor Thread 7] DEBUG nextflow.trace.WebLogObserver - Successfully send message to http://localhost:8081 -- received status code 200.
Dec.-08 21:21:25.661 [Task monitor] DEBUG n.processor.TaskPollingMonitor - Task completed > TaskHandler[id: 1; name: sayHello (1); status: COMPLETED; exit: 0; error: -; workDir: /Users/mha/repos/argo/workflow/ui/work/58/dc756148d41f137498e362f633c568]
Dec.-08 21:21:25.675 [Task monitor] DEBUG n.processor.TaskPollingMonitor - Task completed > TaskHandler[id: 4; name: sayHello (4); status: COMPLETED; exit: 0; error: -; workDir: /Users/mha/repos/argo/workflow/ui/work/49/bb220b40534cd4c6f1b51f94fb204a]
Dec.-08 21:21:25.679 [main] DEBUG nextflow.Session - Session await > all process finished
Dec.-08 21:21:25.684 [Actor Thread 7] DEBUG nextflow.trace.WebLogObserver - Successfully send message to http://localhost:8081 -- received status code 200.
Dec.-08 21:21:25.706 [main] DEBUG nextflow.Session - Session await > all barriers passed
Dec.-08 21:21:25.716 [main] DEBUG nextflow.trace.StatsObserver - Workflow completed > WorkflowStats[succeedCount=4; failedCount=0; ignoredCount=0; cachedCount=0; succeedDuration=254ms; failedDuration=0ms; cachedDuration=0ms]
Dec.-08 21:21:25.762 [Actor Thread 7] DEBUG nextflow.trace.WebLogObserver - Successfully send message to http://localhost:8081 -- received status code 200.
Dec.-08 21:21:25.777 [Actor Thread 7] DEBUG nextflow.trace.WebLogObserver - Successfully send message to http://localhost:8081 -- received status code 200.
Dec.-08 21:21:25.786 [Actor Thread 7] DEBUG nextflow.trace.WebLogObserver - Successfully send message to http://localhost:8081 -- received status code 200.
Dec.-08 21:21:25.796 [Actor Thread 7] DEBUG nextflow.trace.WebLogObserver - Successfully send message to http://localhost:8081 -- received status code 200.
Dec.-08 21:21:25.813 [Actor Thread 7] DEBUG nextflow.trace.WebLogObserver - Successfully send message to http://localhost:8081 -- received status code 200.
Dec.-08 21:21:25.868 [Actor Thread 7] DEBUG nextflow.trace.WebLogObserver - Successfully send message to http://localhost:8081 -- received status code 200.
Dec.-08 21:21:26.148 [Actor Thread 7] DEBUG nextflow.trace.WebLogObserver - Successfully send message to http://localhost:8081 -- received status code 200.
Dec.-08 21:21:26.271 [main] DEBUG nextflow.CacheDB - Closing CacheDB done
Dec.-08 21:21:26.300 [main] DEBUG nextflow.script.ScriptRunner - > Execution complete -- Goodbye
